Started process at 2025-05-13T19:11:53.704Z
Processing Gianna green silk dress - front view
✅ Generated description for Gianna green silk dress - front view
Processing Gianna green silk dress - back view
✅ Generated description for Gianna green silk dress - back view
Completed product 1/80: Gianna green silk dress
Processing The Luna dress - front view
✅ Generated description for The Luna dress - front view
Processing The Luna dress - back view
✅ Generated description for The Luna dress - back view
Completed product 2/80: The Luna dress
Processing Azul jeans - front view
✅ Generated description for Azul jeans - front view
Processing Azul jeans - back view
✅ Generated description for Azul jeans - back view
Completed product 3/80: Azul jeans
Processing Sunset Indigo skirt - front view
✅ Generated description for Sunset Indigo skirt - front view
Processing Sunset Indigo skirt - back view
✅ Generated description for Sunset Indigo skirt - back view
Completed product 4/80: Sunset Indigo skirt
Processing Malibu Midnight bohemian skirt - front view
✅ Generated description for Malibu Midnight bohemian skirt - front view
Processing Malibu Midnight bohemian skirt - back view
✅ Generated description for Malibu Midnight bohemian skirt - back view
Completed product 5/80: Malibu Midnight bohemian skirt
Processing Malibu Midnight backless top - front view
✅ Generated description for Malibu Midnight backless top - front view
Processing Malibu Midnight backless top - back view
✅ Generated description for Malibu Midnight backless top - back view
Completed product 6/80: Malibu Midnight backless top
Processing Daydream Corset Top - front view
✅ Generated description for Daydream Corset Top - front view
Processing Daydream Corset Top - back view
✅ Generated description for Daydream Corset Top - back view
Completed product 7/80: Daydream Corset Top
Processing Terra luxe leather jacket - front view
✅ Generated description for Terra luxe leather jacket - front view
Processing Terra luxe leather jacket - back view
✅ Generated description for Terra luxe leather jacket - back view
Completed product 8/80: Terra luxe leather jacket
Processing Sunset Indigo jacket - front view
✅ Generated description for Sunset Indigo jacket - front view
Processing Sunset Indigo jacket - back view
Started process at 2025-05-13T19:15:00.065Z
Processing Gianna green silk dress - front view
✅ Generated description for Gianna green silk dress - front view
Processing Gianna green silk dress - back view
✅ Generated description for Gianna green silk dress - back view
Completed product 1/80: Gianna green silk dress
Processing The Luna dress - front view
✅ Generated description for The Luna dress - front view
Processing The Luna dress - back view
✅ Generated description for The Luna dress - back view
Completed product 2/80: The Luna dress
Processing Azul jeans - front view
✅ Generated description for Azul jeans - front view
Processing Azul jeans - back view
✅ Generated description for Azul jeans - back view
Completed product 3/80: Azul jeans
Processing Sunset Indigo skirt - front view
✅ Generated description for Sunset Indigo skirt - front view
Processing Sunset Indigo skirt - back view
✅ Generated description for Sunset Indigo skirt - back view
Completed product 4/80: Sunset Indigo skirt
Processing Malibu Midnight bohemian skirt - front view
✅ Generated description for Malibu Midnight bohemian skirt - front view
Processing Malibu Midnight bohemian skirt - back view
✅ Generated description for Malibu Midnight bohemian skirt - back view
Completed product 5/80: Malibu Midnight bohemian skirt
Processing Malibu Midnight backless top - front view
✅ Generated description for Malibu Midnight backless top - front view
Processing Malibu Midnight backless top - back view
✅ Generated description for Malibu Midnight backless top - back view
Completed product 6/80: Malibu Midnight backless top
Processing Daydream Corset Top - front view
✅ Generated description for Daydream Corset Top - front view
Processing Daydream Corset Top - back view
✅ Generated description for Daydream Corset Top - back view
Completed product 7/80: Daydream Corset Top
Processing Terra luxe leather jacket - front view
✅ Generated description for Terra luxe leather jacket - front view
Processing Terra luxe leather jacket - back view
✅ Generated description for Terra luxe leather jacket - back view
Completed product 8/80: Terra luxe leather jacket
Processing Sunset Indigo jacket - front view
✅ Generated description for Sunset Indigo jacket - front view
Processing Sunset Indigo jacket - back view
✅ Generated description for Sunset Indigo jacket - back view
Completed product 9/80: Sunset Indigo jacket
Processing Sienna jade tweed jacket - front view
✅ Generated description for Sienna jade tweed jacket - front view
Processing Sienna jade tweed jacket - back view
✅ Generated description for Sienna jade tweed jacket - back view
Completed product 10/80: Sienna jade tweed jacket
Processing Santa Cruz waistcoat - front view
✅ Generated description for Santa Cruz waistcoat - front view
Processing Santa Cruz waistcoat - back view
✅ Generated description for Santa Cruz waistcoat - back view
Completed product 11/80: Santa Cruz waistcoat
Processing Coastal ivory short sleeve shirt - front view
✅ Generated description for Coastal ivory short sleeve shirt - front view
Processing Coastal ivory short sleeve shirt - back view
✅ Generated description for Coastal ivory short sleeve shirt - back view
Completed product 12/80: Coastal ivory short sleeve shirt
Processing Laguna Blush pink tweed jacket - front view
✅ Generated description for Laguna Blush pink tweed jacket - front view
Processing Laguna Blush pink tweed jacket - back view
✅ Generated description for Laguna Blush pink tweed jacket - back view
Completed product 13/80: Laguna Blush pink tweed jacket
Processing Ocean Muse trousers - front view
✅ Generated description for Ocean Muse trousers - front view
Processing Ocean Muse trousers - back view
✅ Generated description for Ocean Muse trousers - back view
Completed product 14/80: Ocean Muse trousers
Processing Twilight Tide raw edge shirt - front view
✅ Generated description for Twilight Tide raw edge shirt - front view
Processing Twilight Tide raw edge shirt - back view
✅ Generated description for Twilight Tide raw edge shirt - back view
Completed product 15/80: Twilight Tide raw edge shirt
Processing Malibu Midnight bralette top - front view
✅ Generated description for Malibu Midnight bralette top - front view
Processing Malibu Midnight bralette top - back view
✅ Generated description for Malibu Midnight bralette top - back view
Completed product 16/80: Malibu Midnight bralette top
Processing Mocha Mirage shirt - front view
✅ Generated description for Mocha Mirage shirt - front view
Processing Mocha Mirage shirt - back view
✅ Generated description for Mocha Mirage shirt - back view
Completed product 17/80: Mocha Mirage shirt
Processing Ash Corduroy Trench Coat - front view
✅ Generated description for Ash Corduroy Trench Coat - front view
Processing Ash Corduroy Trench Coat - back view
✅ Generated description for Ash Corduroy Trench Coat - back view
Completed product 18/80: Ash Corduroy Trench Coat
Processing Frontier Fringe Flares - front view
✅ Generated description for Frontier Fringe Flares - front view
Processing Frontier Fringe Flares - back view
✅ Generated description for Frontier Fringe Flares - back view
Completed product 19/80: Frontier Fringe Flares
Processing Cocoa Wide Leg Trousers - front view
✅ Generated description for Cocoa Wide Leg Trousers - front view
Processing Cocoa Wide Leg Trousers - back view
✅ Generated description for Cocoa Wide Leg Trousers - back view
Completed product 20/80: Cocoa Wide Leg Trousers
Processing Ivory Cascade Cardigan - front view
✅ Generated description for Ivory Cascade Cardigan - front view
Processing Ivory Cascade Cardigan - back view
✅ Generated description for Ivory Cascade Cardigan - back view
Completed product 21/80: Ivory Cascade Cardigan
Processing Cinch &amp; Slay Corset Trouser - front view
✅ Generated description for Cinch &amp; Slay Corset Trouser - front view
Processing Cinch &amp; Slay Corset Trouser - back view
✅ Generated description for Cinch &amp; Slay Corset Trouser - back view
Completed product 22/80: Cinch &amp; Slay Corset Trouser
Processing Cherry Quantum Bralette - front view
✅ Generated description for Cherry Quantum Bralette - front view
Processing Cherry Quantum Bralette - back view
✅ Generated description for Cherry Quantum Bralette - back view
Completed product 23/80: Cherry Quantum Bralette
Processing Cream Alpaca Coat - front view
✅ Generated description for Cream Alpaca Coat - front view
Processing Cream Alpaca Coat - back view
✅ Generated description for Cream Alpaca Coat - back view
Completed product 24/80: Cream Alpaca Coat
Processing Reverie Cherry Skirt - front view
✅ Generated description for Reverie Cherry Skirt - front view
Processing Reverie Cherry Skirt - back view
✅ Generated description for Reverie Cherry Skirt - back view
Completed product 25/80: Reverie Cherry Skirt
Processing Chiffon Cinch Corset Top - front view
✅ Generated description for Chiffon Cinch Corset Top - front view
Processing Chiffon Cinch Corset Top - back view
✅ Generated description for Chiffon Cinch Corset Top - back view
Completed product 26/80: Chiffon Cinch Corset Top
Processing Cherry Luxe Knit Cardigan - front view
✅ Generated description for Cherry Luxe Knit Cardigan - front view
Processing Cherry Luxe Knit Cardigan - back view
✅ Generated description for Cherry Luxe Knit Cardigan - back view
Completed product 27/80: Cherry Luxe Knit Cardigan
Processing Nutmeg Nouveau Vest - front view
✅ Generated description for Nutmeg Nouveau Vest - front view
Processing Nutmeg Nouveau Vest - back view
✅ Generated description for Nutmeg Nouveau Vest - back view
Completed product 28/80: Nutmeg Nouveau Vest
Processing Cosmic Raglan Sleeve Jacket - front view
✅ Generated description for Cosmic Raglan Sleeve Jacket - front view
Processing Cosmic Raglan Sleeve Jacket - back view
✅ Generated description for Cosmic Raglan Sleeve Jacket - back view
Completed product 29/80: Cosmic Raglan Sleeve Jacket
Processing Lace-Up Blue Flared Denim Trousers - front view
✅ Generated description for Lace-Up Blue Flared Denim Trousers - front view
Processing Lace-Up Blue Flared Denim Trousers - back view
✅ Generated description for Lace-Up Blue Flared Denim Trousers - back view
Completed product 30/80: Lace-Up Blue Flared Denim Trousers
Processing Stellar Waves Shorts - front view
✅ Generated description for Stellar Waves Shorts - front view
Processing Stellar Waves Shorts - back view
✅ Generated description for Stellar Waves Shorts - back view
Completed product 31/80: Stellar Waves Shorts
Processing Saddleback Suede Vest - front view
✅ Generated description for Saddleback Suede Vest - front view
Processing Saddleback Suede Vest - back view
✅ Generated description for Saddleback Suede Vest - back view
Completed product 32/80: Saddleback Suede Vest
Processing Astro Poplin Shirt - front view
✅ Generated description for Astro Poplin Shirt - front view
Processing Astro Poplin Shirt - back view
✅ Generated description for Astro Poplin Shirt - back view
Completed product 33/80: Astro Poplin Shirt
Processing Stardust Denim Jumpsuit - front view
✅ Generated description for Stardust Denim Jumpsuit - front view
Processing Stardust Denim Jumpsuit - back view
✅ Generated description for Stardust Denim Jumpsuit - back view
Completed product 34/80: Stardust Denim Jumpsuit
Processing Dune Beige Denim Trousers - front view
✅ Generated description for Dune Beige Denim Trousers - front view
Processing Dune Beige Denim Trousers - back view
✅ Generated description for Dune Beige Denim Trousers - back view
Completed product 35/80: Dune Beige Denim Trousers
Processing Nutmeg Deux Jacket - front view
✅ Generated description for Nutmeg Deux Jacket - front view
Processing Nutmeg Deux Jacket - back view
✅ Generated description for Nutmeg Deux Jacket - back view
Completed product 36/80: Nutmeg Deux Jacket
Processing Nomad Bomber Jacket - front view
✅ Generated description for Nomad Bomber Jacket - front view
Processing Nomad Bomber Jacket - back view
✅ Generated description for Nomad Bomber Jacket - back view
Completed product 37/80: Nomad Bomber Jacket
Processing Maple Cordy Lace-Up Coat - front view
✅ Generated description for Maple Cordy Lace-Up Coat - front view
Processing Maple Cordy Lace-Up Coat - back view
✅ Generated description for Maple Cordy Lace-Up Coat - back view
Completed product 38/80: Maple Cordy Lace-Up Coat
Processing Lace-Up Brown Denim Flared Trousers - front view
✅ Generated description for Lace-Up Brown Denim Flared Trousers - front view
Processing Lace-Up Brown Denim Flared Trousers - back view
✅ Generated description for Lace-Up Brown Denim Flared Trousers - back view
Completed product 39/80: Lace-Up Brown Denim Flared Trousers
Processing Cosmic Cropped Jacket - front view
✅ Generated description for Cosmic Cropped Jacket - front view
Processing Cosmic Cropped Jacket - back view
✅ Generated description for Cosmic Cropped Jacket - back view
Completed product 40/80: Cosmic Cropped Jacket
Processing Khaki Trails Jacket - front view
✅ Generated description for Khaki Trails Jacket - front view
Processing Khaki Trails Jacket - back view
✅ Generated description for Khaki Trails Jacket - back view
Completed product 41/80: Khaki Trails Jacket
Processing Moss Suede Skirt - front view
✅ Generated description for Moss Suede Skirt - front view
Processing Moss Suede Skirt - back view
✅ Generated description for Moss Suede Skirt - back view
Completed product 42/80: Moss Suede Skirt
Processing Indigo Stardust Abaya - front view
✅ Generated description for Indigo Stardust Abaya - front view
Processing Indigo Stardust Abaya - back view
✅ Generated description for Indigo Stardust Abaya - back view
Completed product 43/80: Indigo Stardust Abaya
Processing Stardust Denim Skirt - front view
✅ Generated description for Stardust Denim Skirt - front view
Processing Stardust Denim Skirt - back view
✅ Generated description for Stardust Denim Skirt - back view
Completed product 44/80: Stardust Denim Skirt
Processing Suede Backless Vest - front view
✅ Generated description for Suede Backless Vest - front view
Processing Suede Backless Vest - back view
✅ Generated description for Suede Backless Vest - back view
Completed product 45/80: Suede Backless Vest
Processing Arizona Blue Stripe Shorts - front view
✅ Generated description for Arizona Blue Stripe Shorts - front view
Processing Arizona Blue Stripe Shorts - back view
✅ Generated description for Arizona Blue Stripe Shorts - back view
Completed product 46/80: Arizona Blue Stripe Shorts
Processing Dusty Rose Shirt - front view
✅ Generated description for Dusty Rose Shirt - front view
Processing Dusty Rose Shirt - back view
✅ Generated description for Dusty Rose Shirt - back view
Completed product 47/80: Dusty Rose Shirt
Processing Nutmeg Nouveau Pleated Trousers - front view
✅ Generated description for Nutmeg Nouveau Pleated Trousers - front view
Processing Nutmeg Nouveau Pleated Trousers - back view
✅ Generated description for Nutmeg Nouveau Pleated Trousers - back view
Completed product 48/80: Nutmeg Nouveau Pleated Trousers
Processing Chocolate Cord Jacket - front view
✅ Generated description for Chocolate Cord Jacket - front view
Processing Chocolate Cord Jacket - back view
✅ Generated description for Chocolate Cord Jacket - back view
Completed product 49/80: Chocolate Cord Jacket
Processing Sunbeam Midi Dress - front view
✅ Generated description for Sunbeam Midi Dress - front view
Processing Sunbeam Midi Dress - back view
✅ Generated description for Sunbeam Midi Dress - back view
Completed product 50/80: Sunbeam Midi Dress
Processing Light Blue Nova Check Jeans - front view
✅ Generated description for Light Blue Nova Check Jeans - front view
Processing Light Blue Nova Check Jeans - back view
✅ Generated description for Light Blue Nova Check Jeans - back view
Completed product 51/80: Light Blue Nova Check Jeans
Processing Vanta Suede Jumpsuit - front view
✅ Generated description for Vanta Suede Jumpsuit - front view
Processing Vanta Suede Jumpsuit - back view
✅ Generated description for Vanta Suede Jumpsuit - back view
Completed product 52/80: Vanta Suede Jumpsuit
Processing Cascade Eclipse Blouse - front view
✅ Generated description for Cascade Eclipse Blouse - front view
Processing Cascade Eclipse Blouse - back view
✅ Generated description for Cascade Eclipse Blouse - back view
Completed product 53/80: Cascade Eclipse Blouse
Processing Sunkissed Siren Crepe Dress - front view
✅ Generated description for Sunkissed Siren Crepe Dress - front view
Processing Sunkissed Siren Crepe Dress - back view
✅ Generated description for Sunkissed Siren Crepe Dress - back view
Completed product 54/80: Sunkissed Siren Crepe Dress
Processing Cream Tank Top - front view
✅ Generated description for Cream Tank Top - front view
Processing Cream Tank Top - back view
✅ Generated description for Cream Tank Top - back view
Completed product 55/80: Cream Tank Top
Processing Redwood Suede Vest - front view
✅ Generated description for Redwood Suede Vest - front view
Processing Redwood Suede Vest - back view
✅ Generated description for Redwood Suede Vest - back view
Completed product 56/80: Redwood Suede Vest
Processing Pleated Denim Trousers - front view
✅ Generated description for Pleated Denim Trousers - front view
Processing Pleated Denim Trousers - back view
✅ Generated description for Pleated Denim Trousers - back view
Completed product 57/80: Pleated Denim Trousers
Processing Cropped Noir Jacket - front view
✅ Generated description for Cropped Noir Jacket - front view
Processing Cropped Noir Jacket - back view
✅ Generated description for Cropped Noir Jacket - back view
Completed product 58/80: Cropped Noir Jacket
Processing Buckle Strap Top - front view
✅ Generated description for Buckle Strap Top - front view
Processing Buckle Strap Top - back view
✅ Generated description for Buckle Strap Top - back view
Completed product 59/80: Buckle Strap Top
Processing Noire Denim Trousers - front view
✅ Generated description for Noire Denim Trousers - front view
Processing Noire Denim Trousers - back view
✅ Generated description for Noire Denim Trousers - back view
Completed product 60/80: Noire Denim Trousers
Processing Umber Raincoat - front view
✅ Generated description for Umber Raincoat - front view
Processing Umber Raincoat - back view
✅ Generated description for Umber Raincoat - back view
Completed product 61/80: Umber Raincoat
Processing Chocolate Brown Tank Top - front view
✅ Generated description for Chocolate Brown Tank Top - front view
Processing Chocolate Brown Tank Top - back view
✅ Generated description for Chocolate Brown Tank Top - back view
Completed product 62/80: Chocolate Brown Tank Top
Processing Cherry Corset Trousers - front view
✅ Generated description for Cherry Corset Trousers - front view
Processing Cherry Corset Trousers - back view
✅ Generated description for Cherry Corset Trousers - back view
Completed product 63/80: Cherry Corset Trousers
Processing Astro Grey Alpaca Coat - front view
✅ Generated description for Astro Grey Alpaca Coat - front view
Processing Astro Grey Alpaca Coat - back view
✅ Generated description for Astro Grey Alpaca Coat - back view
Completed product 64/80: Astro Grey Alpaca Coat
Processing Cashmere Beige Bomber - front view
✅ Generated description for Cashmere Beige Bomber - front view
Processing Cashmere Beige Bomber - back view
✅ Generated description for Cashmere Beige Bomber - back view
Completed product 65/80: Cashmere Beige Bomber
Processing Lace-Up Cream Denim Flared Trousers - front view
✅ Generated description for Lace-Up Cream Denim Flared Trousers - front view
Processing Lace-Up Cream Denim Flared Trousers - back view
✅ Generated description for Lace-Up Cream Denim Flared Trousers - back view
Completed product 66/80: Lace-Up Cream Denim Flared Trousers
Processing Orbit Chain Belt - front view
✅ Generated description for Orbit Chain Belt - front view
Processing Orbit Chain Belt - back view
✅ Generated description for Orbit Chain Belt - back view
Completed product 67/80: Orbit Chain Belt
Processing Ebone Fringe Trousers - front view
✅ Generated description for Ebone Fringe Trousers - front view
Processing Ebone Fringe Trousers - back view
✅ Generated description for Ebone Fringe Trousers - back view
Completed product 68/80: Ebone Fringe Trousers
Processing Chocolate Cord Backless Vest - front view
✅ Generated description for Chocolate Cord Backless Vest - front view
Processing Chocolate Cord Backless Vest - back view
✅ Generated description for Chocolate Cord Backless Vest - back view
Completed product 69/80: Chocolate Cord Backless Vest
Processing Cognac Suede Dress - front view
✅ Generated description for Cognac Suede Dress - front view
Processing Cognac Suede Dress - back view
✅ Generated description for Cognac Suede Dress - back view
Completed product 70/80: Cognac Suede Dress
Processing Ebone Fringe Jacket - front view
✅ Generated description for Ebone Fringe Jacket - front view
Processing Ebone Fringe Jacket - back view
✅ Generated description for Ebone Fringe Jacket - back view
Completed product 71/80: Ebone Fringe Jacket
Processing Shadow Ridge Trousers - front view
✅ Generated description for Shadow Ridge Trousers - front view
Processing Shadow Ridge Trousers - back view
✅ Generated description for Shadow Ridge Trousers - back view
Completed product 72/80: Shadow Ridge Trousers
Processing Ivory Pearl Corset Denim Trousers - front view
✅ Generated description for Ivory Pearl Corset Denim Trousers - front view
Processing Ivory Pearl Corset Denim Trousers - back view
✅ Generated description for Ivory Pearl Corset Denim Trousers - back view
Completed product 73/80: Ivory Pearl Corset Denim Trousers
Processing Nova Check Jeans - front view
✅ Generated description for Nova Check Jeans - front view
Processing Nova Check Jeans - back view
✅ Generated description for Nova Check Jeans - back view
Completed product 74/80: Nova Check Jeans
Processing Stellar Swirl Jeans - front view
✅ Generated description for Stellar Swirl Jeans - front view
Processing Stellar Swirl Jeans - back view
✅ Generated description for Stellar Swirl Jeans - back view
Completed product 75/80: Stellar Swirl Jeans
Processing Stellar Sky Denim Blazer - front view
✅ Generated description for Stellar Sky Denim Blazer - front view
Processing Stellar Sky Denim Blazer - back view
✅ Generated description for Stellar Sky Denim Blazer - back view
Completed product 76/80: Stellar Sky Denim Blazer
Processing Canyon Corduroy Midi Skirt - front view
✅ Generated description for Canyon Corduroy Midi Skirt - front view
Processing Canyon Corduroy Midi Skirt - back view
✅ Generated description for Canyon Corduroy Midi Skirt - back view
Completed product 77/80: Canyon Corduroy Midi Skirt
Processing Canyon Corduroy Shirt - front view
✅ Generated description for Canyon Corduroy Shirt - front view
Processing Canyon Corduroy Shirt - back view
✅ Generated description for Canyon Corduroy Shirt - back view
Completed product 78/80: Canyon Corduroy Shirt
Processing Chocolate Silk Shirt - front view
✅ Generated description for Chocolate Silk Shirt - front view
Processing Chocolate Silk Shirt - back view
✅ Generated description for Chocolate Silk Shirt - back view
Completed product 79/80: Chocolate Silk Shirt
Processing Nomad Corset Dress - front view
✅ Generated description for Nomad Corset Dress - front view
Processing Nomad Corset Dress - back view
✅ Generated description for Nomad Corset Dress - back view
Completed product 80/80: Nomad Corset Dress
Finished process at 2025-05-13T19:43:01.838Z
